Started GET "/" for 127.0.0.1 at 2018-08-07 01:37:22 +0300
  
ActiveRecord::PendingMigrationError (

Migrations are pending. To resolve this issue, run:

        bin/rails db:migrate RAILS_ENV=development

):
  
activerecord (5.2.0) lib/active_record/migration.rb:579:in `check_pending!'
activerecord (5.2.0) lib/active_record/migration.rb:556:in `call'
actionpack (5.2.0) lib/action_dispatch/middleware/callbacks.rb:28:in `block in call'
activesupport (5.2.0) lib/active_support/callbacks.rb:98:in `run_callbacks'
actionpack (5.2.0) lib/action_dispatch/middleware/callbacks.rb:26:in `call'
actionpack (5.2.0) lib/action_dispatch/middleware/executor.rb:14:in `call'
actionpack (5.2.0) lib/action_dispatch/middleware/debug_exceptions.rb:61:in `call'
web-console (3.6.2) lib/web_console/middleware.rb:135:in `call_app'
web-console (3.6.2) lib/web_console/middleware.rb:30:in `block in call'
web-console (3.6.2) lib/web_console/middleware.rb:20:in `catch'
web-console (3.6.2) lib/web_console/middleware.rb:20:in `call'
actionpack (5.2.0) lib/action_dispatch/middleware/show_exceptions.rb:33:in `call'
railties (5.2.0) lib/rails/rack/logger.rb:38:in `call_app'
railties (5.2.0) lib/rails/rack/logger.rb:26:in `block in call'
activesupport (5.2.0) lib/active_support/tagged_logging.rb:71:in `block in tagged'
activesupport (5.2.0) lib/active_support/tagged_logging.rb:28:in `tagged'
activesupport (5.2.0) lib/active_support/tagged_logging.rb:71:in `tagged'
railties (5.2.0) lib/rails/rack/logger.rb:26:in `call'
sprockets-rails (3.2.1) lib/sprockets/rails/quiet_assets.rb:13:in `call'
actionpack (5.2.0) lib/action_dispatch/middleware/remote_ip.rb:81:in `call'
actionpack (5.2.0) lib/action_dispatch/middleware/request_id.rb:27:in `call'
rack (2.0.5) lib/rack/method_override.rb:22:in `call'
rack (2.0.5) lib/rack/runtime.rb:22:in `call'
activesupport (5.2.0) lib/active_support/cache/strategy/local_cache_middleware.rb:29:in `call'
actionpack (5.2.0) lib/action_dispatch/middleware/executor.rb:14:in `call'
actionpack (5.2.0) lib/action_dispatch/middleware/static.rb:127:in `call'
rack (2.0.5) lib/rack/sendfile.rb:111:in `call'
railties (5.2.0) lib/rails/engine.rb:524:in `call'
puma (3.12.0) lib/puma/configuration.rb:225:in `call'
puma (3.12.0) lib/puma/server.rb:658:in `handle_request'
puma (3.12.0) lib/puma/server.rb:472:in `process_client'
puma (3.12.0) lib/puma/server.rb:332:in `block in run'
puma (3.12.0) lib/puma/thread_pool.rb:133:in `block in spawn_thread'
  [1m[35m (0.1ms)[0m  [1m[34mSELECT sqlite_version(*)[0m
  ↳ /home/berk/.rbenv/versions/2.5.1/bin/rake:23
  [1m[35m (95.6ms)[0m  [1m[35mCREATE TABLE "schema_migrations" ("version" varchar NOT NULL PRIMARY KEY)[0m
  ↳ /home/berk/.rbenv/versions/2.5.1/bin/rake:23
  [1m[35m (81.1ms)[0m  [1m[35mCREATE TABLE "ar_internal_metadata" ("key" varchar NOT NULL PRIMARY KEY, "value" varchar, "created_at" datetime NOT NULL, "updated_at" datetime NOT NULL)[0m
  ↳ /home/berk/.rbenv/versions/2.5.1/bin/rake:23
  [1m[35m (0.1ms)[0m  [1m[34mSELECT "schema_migrations"."version" FROM "schema_migrations" ORDER BY "schema_migrations"."version" ASC[0m
  ↳ /home/berk/.rbenv/versions/2.5.1/bin/rake:23
Migrating to CreatePosts (20180707182616)
  [1m[35m (0.0ms)[0m  [1m[36mbegin transaction[0m
  ↳ /home/berk/.rbenv/versions/2.5.1/bin/rake:23
  [1m[35m (0.3ms)[0m  [1m[35mCREATE TABLE "posts" ("id" integer PRIMARY KEY AUTOINCREMENT NOT NULL, "event_id" integer, "event_name" varchar, "event_date" varchar, "event_time" varchar, "created_at" datetime NOT NULL, "updated_at" datetime NOT NULL)[0m
  ↳ db/migrate/20180707182616_create_posts.rb:3
  [1m[36mActiveRecord::SchemaMigration Create (0.1ms)[0m  [1m[32mINSERT INTO "schema_migrations" ("version") VALUES (?)[0m  [["version", "20180707182616"]]
  ↳ /home/berk/.rbenv/versions/2.5.1/bin/rake:23
  [1m[35m (99.9ms)[0m  [1m[36mcommit transaction[0m
  ↳ /home/berk/.rbenv/versions/2.5.1/bin/rake:23
  [1m[36mActiveRecord::InternalMetadata Load (0.1ms)[0m  [1m[34mSELECT  "ar_internal_metadata".* FROM "ar_internal_metadata" WHERE "ar_internal_metadata"."key" = ? LIMIT ?[0m  [["key", "environment"], ["LIMIT", 1]]
  ↳ /home/berk/.rbenv/versions/2.5.1/bin/rake:23
  [1m[35m (0.0ms)[0m  [1m[36mbegin transaction[0m
  ↳ /home/berk/.rbenv/versions/2.5.1/bin/rake:23
  [1m[36mActiveRecord::InternalMetadata Create (0.2ms)[0m  [1m[32mINSERT INTO "ar_internal_metadata" ("key", "value", "created_at", "updated_at") VALUES (?, ?, ?, ?)[0m  [["key", "environment"], ["value", "development"], ["created_at", "2018-08-06 22:37:52.262083"], ["updated_at", "2018-08-06 22:37:52.262083"]]
  ↳ /home/berk/.rbenv/versions/2.5.1/bin/rake:23
  [1m[35m (56.8ms)[0m  [1m[36mcommit transaction[0m
  ↳ /home/berk/.rbenv/versions/2.5.1/bin/rake:23
  [1m[35m (0.1ms)[0m  [1m[34mSELECT "schema_migrations"."version" FROM "schema_migrations" ORDER BY "schema_migrations"."version" ASC[0m
  ↳ /home/berk/.rbenv/versions/2.5.1/bin/rake:23
Started GET "/" for 127.0.0.1 at 2018-08-07 01:38:02 +0300
  [1m[35m (0.1ms)[0m  [1m[34mSELECT "schema_migrations"."version" FROM "schema_migrations" ORDER BY "schema_migrations"."version" ASC[0m
  ↳ /home/berk/.rbenv/versions/2.5.1/lib/ruby/gems/2.5.0/gems/activerecord-5.2.0/lib/active_record/log_subscriber.rb:98
Processing by PostsController#index as HTML
  Rendering posts/index.html.erb within layouts/application
  [1m[36mPost Load (0.2ms)[0m  [1m[34mSELECT "posts".* FROM "posts"[0m
  ↳ app/views/posts/index.html.erb:189
  Rendered posts/index.html.erb within layouts/application (2.8ms)
Completed 200 OK in 535ms (Views: 526.6ms | ActiveRecord: 0.4ms)


Started GET "/" for 127.0.0.1 at 2018-08-07 01:38:13 +0300
Processing by PostsController#index as HTML
  Rendering posts/index.html.erb within layouts/application
  [1m[36mPost Load (0.3ms)[0m  [1m[34mSELECT "posts".* FROM "posts"[0m
  ↳ app/views/posts/index.html.erb:189
  Rendered posts/index.html.erb within layouts/application (4.2ms)
Completed 200 OK in 26ms (Views: 23.9ms | ActiveRecord: 0.3ms)


Started GET "/" for 127.0.0.1 at 2018-08-07 01:38:15 +0300
Processing by PostsController#index as HTML
  Rendering posts/index.html.erb within layouts/application
  [1m[36mPost Load (0.2ms)[0m  [1m[34mSELECT "posts".* FROM "posts"[0m
  ↳ app/views/posts/index.html.erb:189
  Rendered posts/index.html.erb within layouts/application (2.2ms)
Completed 200 OK in 19ms (Views: 17.5ms | ActiveRecord: 0.2ms)


Started GET "/posts/new?class=btn+btn-primary" for 127.0.0.1 at 2018-08-07 01:38:17 +0300
Processing by PostsController#new as HTML
  Parameters: {"class"=>"btn btn-primary"}
  Rendering posts/new.html.erb within layouts/application
  Rendered posts/new.html.erb within layouts/application (87.4ms)
Completed 200 OK in 109ms (Views: 102.5ms | ActiveRecord: 0.4ms)


Started GET "/posts/stylesheets/postsFormat.css" for 127.0.0.1 at 2018-08-07 01:38:17 +0300
  
ActionController::RoutingError (No route matches [GET] "/posts/stylesheets/postsFormat.css"):
  
actionpack (5.2.0) lib/action_dispatch/middleware/debug_exceptions.rb:65:in `call'
web-console (3.6.2) lib/web_console/middleware.rb:135:in `call_app'
web-console (3.6.2) lib/web_console/middleware.rb:30:in `block in call'
web-console (3.6.2) lib/web_console/middleware.rb:20:in `catch'
web-console (3.6.2) lib/web_console/middleware.rb:20:in `call'
actionpack (5.2.0) lib/action_dispatch/middleware/show_exceptions.rb:33:in `call'
railties (5.2.0) lib/rails/rack/logger.rb:38:in `call_app'
railties (5.2.0) lib/rails/rack/logger.rb:26:in `block in call'
activesupport (5.2.0) lib/active_support/tagged_logging.rb:71:in `block in tagged'
activesupport (5.2.0) lib/active_support/tagged_logging.rb:28:in `tagged'
activesupport (5.2.0) lib/active_support/tagged_logging.rb:71:in `tagged'
railties (5.2.0) lib/rails/rack/logger.rb:26:in `call'
sprockets-rails (3.2.1) lib/sprockets/rails/quiet_assets.rb:13:in `call'
actionpack (5.2.0) lib/action_dispatch/middleware/remote_ip.rb:81:in `call'
actionpack (5.2.0) lib/action_dispatch/middleware/request_id.rb:27:in `call'
rack (2.0.5) lib/rack/method_override.rb:22:in `call'
rack (2.0.5) lib/rack/runtime.rb:22:in `call'
activesupport (5.2.0) lib/active_support/cache/strategy/local_cache_middleware.rb:29:in `call'
actionpack (5.2.0) lib/action_dispatch/middleware/executor.rb:14:in `call'
actionpack (5.2.0) lib/action_dispatch/middleware/static.rb:127:in `call'
rack (2.0.5) lib/rack/sendfile.rb:111:in `call'
railties (5.2.0) lib/rails/engine.rb:524:in `call'
puma (3.12.0) lib/puma/configuration.rb:225:in `call'
puma (3.12.0) lib/puma/server.rb:658:in `handle_request'
puma (3.12.0) lib/puma/server.rb:472:in `process_client'
puma (3.12.0) lib/puma/server.rb:332:in `block in run'
puma (3.12.0) lib/puma/thread_pool.rb:133:in `block in spawn_thread'
Started GET "/" for 127.0.0.1 at 2018-08-07 01:38:22 +0300
Processing by PostsController#index as HTML
  Rendering posts/index.html.erb within layouts/application
  [1m[36mPost Load (0.2ms)[0m  [1m[34mSELECT "posts".* FROM "posts"[0m
  ↳ app/views/posts/index.html.erb:189
  Rendered posts/index.html.erb within layouts/application (2.0ms)
Completed 200 OK in 18ms (Views: 16.6ms | ActiveRecord: 0.2ms)


Started GET "/" for 127.0.0.1 at 2018-08-07 01:39:31 +0300
  [1m[35m (0.2ms)[0m  [1m[34mSELECT "schema_migrations"."version" FROM "schema_migrations" ORDER BY "schema_migrations"."version" ASC[0m
  ↳ /home/berk/.rbenv/versions/2.5.1/lib/ruby/gems/2.5.0/gems/activerecord-5.2.0/lib/active_record/log_subscriber.rb:98
Processing by HomeController#index as HTML
  Rendering home/index.html.erb within layouts/application
  Rendered home/index.html.erb within layouts/application (0.7ms)
Completed 200 OK in 188ms (Views: 177.3ms | ActiveRecord: 0.0ms)


Started GET "/" for 127.0.0.1 at 2018-08-07 01:41:50 +0300
  [1m[35m (0.1ms)[0m  [1m[34mSELECT "schema_migrations"."version" FROM "schema_migrations" ORDER BY "schema_migrations"."version" ASC[0m
  ↳ /home/berk/.rbenv/versions/2.5.1/lib/ruby/gems/2.5.0/gems/activerecord-5.2.0/lib/active_record/log_subscriber.rb:98
Processing by HomeController#index as HTML
  Rendering home/index.html.erb within layouts/application
  Rendered home/index.html.erb within layouts/application (0.5ms)
Completed 200 OK in 267ms (Views: 260.2ms | ActiveRecord: 0.0ms)


Started GET "/" for 127.0.0.1 at 2018-08-07 01:41:54 +0300
Processing by HomeController#index as HTML
  Rendering home/index.html.erb within layouts/application
  Rendered home/index.html.erb within layouts/application (0.5ms)
Completed 200 OK in 29ms (Views: 27.3ms | ActiveRecord: 0.0ms)


  [1m[35m (0.2ms)[0m  [1m[34mSELECT "schema_migrations"."version" FROM "schema_migrations" ORDER BY "schema_migrations"."version" ASC[0m
  ↳ /home/berk/.rbenv/versions/2.5.1/bin/rake:23
Migrating to CreateEvents (20180806224216)
  [1m[35m (0.0ms)[0m  [1m[36mbegin transaction[0m
  ↳ /home/berk/.rbenv/versions/2.5.1/bin/rake:23
  [1m[35m (0.1ms)[0m  [1m[34mSELECT sqlite_version(*)[0m
  ↳ db/migrate/20180806224216_create_events.rb:3
  [1m[35m (0.2ms)[0m  [1m[35mCREATE TABLE "events" ("id" integer PRIMARY KEY AUTOINCREMENT NOT NULL, "start_date" datetime, "end_date" datetime, "text" varchar, "created_at" datetime NOT NULL, "updated_at" datetime NOT NULL)[0m
  ↳ db/migrate/20180806224216_create_events.rb:3
  [1m[36mActiveRecord::SchemaMigration Create (0.1ms)[0m  [1m[32mINSERT INTO "schema_migrations" ("version") VALUES (?)[0m  [["version", "20180806224216"]]
  ↳ /home/berk/.rbenv/versions/2.5.1/bin/rake:23
  [1m[35m (95.4ms)[0m  [1m[36mcommit transaction[0m
  ↳ /home/berk/.rbenv/versions/2.5.1/bin/rake:23
  [1m[36mActiveRecord::InternalMetadata Load (0.5ms)[0m  [1m[34mSELECT  "ar_internal_metadata".* FROM "ar_internal_metadata" WHERE "ar_internal_metadata"."key" = ? LIMIT ?[0m  [["key", "environment"], ["LIMIT", 1]]
  ↳ /home/berk/.rbenv/versions/2.5.1/bin/rake:23
  [1m[35m (0.0ms)[0m  [1m[36mbegin transaction[0m
  ↳ /home/berk/.rbenv/versions/2.5.1/bin/rake:23
  [1m[35m (0.0ms)[0m  [1m[36mcommit transaction[0m
  ↳ /home/berk/.rbenv/versions/2.5.1/bin/rake:23
  [1m[35m (0.1ms)[0m  [1m[34mSELECT "schema_migrations"."version" FROM "schema_migrations" ORDER BY "schema_migrations"."version" ASC[0m
  ↳ /home/berk/.rbenv/versions/2.5.1/bin/rake:23
Started GET "/" for 127.0.0.1 at 2018-08-07 01:46:28 +0300
  [1m[35m (0.1ms)[0m  [1m[34mSELECT "schema_migrations"."version" FROM "schema_migrations" ORDER BY "schema_migrations"."version" ASC[0m
  ↳ /home/berk/.rbenv/versions/2.5.1/lib/ruby/gems/2.5.0/gems/activerecord-5.2.0/lib/active_record/log_subscriber.rb:98
Processing by HomeController#index as HTML
  Rendering home/index.html.erb within layouts/application
  Rendered home/index.html.erb within layouts/application (0.8ms)
Completed 200 OK in 149ms (Views: 141.4ms | ActiveRecord: 0.0ms)


Started GET "/home/data?timeshift=-180" for 127.0.0.1 at 2018-08-07 01:46:29 +0300
Processing by HomeController#data as */*
  Parameters: {"timeshift"=>"-180"}
  [1m[36mEvent Load (0.2ms)[0m  [1m[34mSELECT "events".* FROM "events"[0m
  ↳ app/controllers/home_controller.rb:8
Completed 200 OK in 15ms (Views: 0.2ms | ActiveRecord: 0.9ms)


Started GET "/home/db_action?editing=true&start_date=2018-08-08%2001%3A10&end_date=2018-08-08%2001%3A50&text=deneme&id=1533595592659&!nativeeditor_status=inserted" for 127.0.0.1 at 2018-08-07 01:46:35 +0300
Processing by HomeController#db_action as */*
  Parameters: {"editing"=>"true", "start_date"=>"2018-08-08 01:10", "end_date"=>"2018-08-08 01:50", "text"=>"deneme", "id"=>"1533595592659", "!nativeeditor_status"=>"inserted"}
  [1m[35m (0.1ms)[0m  [1m[36mbegin transaction[0m
  ↳ app/controllers/home_controller.rb:25
  [1m[36mEvent Create (0.5ms)[0m  [1m[32mINSERT INTO "events" ("start_date", "end_date", "text", "created_at", "updated_at") VALUES (?, ?, ?, ?, ?)[0m  [["start_date", "2018-08-08 01:10:00"], ["end_date", "2018-08-08 01:50:00"], ["text", "deneme"], ["created_at", "2018-08-06 22:46:35.915151"], ["updated_at", "2018-08-06 22:46:35.915151"]]
  ↳ app/controllers/home_controller.rb:25
  [1m[35m (85.5ms)[0m  [1m[36mcommit transaction[0m
  ↳ app/controllers/home_controller.rb:25
Completed 200 OK in 95ms (Views: 0.3ms | ActiveRecord: 86.1ms)


Started GET "/" for 127.0.0.1 at 2018-08-07 01:46:37 +0300
Processing by HomeController#index as HTML
  Rendering home/index.html.erb within layouts/application
  Rendered home/index.html.erb within layouts/application (0.5ms)
Completed 200 OK in 42ms (Views: 41.1ms | ActiveRecord: 0.0ms)


Started GET "/home/data?timeshift=-180" for 127.0.0.1 at 2018-08-07 01:46:37 +0300
Processing by HomeController#data as */*
  Parameters: {"timeshift"=>"-180"}
  [1m[36mEvent Load (0.3ms)[0m  [1m[34mSELECT "events".* FROM "events"[0m
  ↳ app/controllers/home_controller.rb:8
Completed 200 OK in 3ms (Views: 0.4ms | ActiveRecord: 0.3ms)


Started GET "/" for 127.0.0.1 at 2018-08-07 01:55:35 +0300
  [1m[35m (0.1ms)[0m  [1m[34mSELECT "schema_migrations"."version" FROM "schema_migrations" ORDER BY "schema_migrations"."version" ASC[0m
  ↳ /home/berk/.rbenv/versions/2.5.1/lib/ruby/gems/2.5.0/gems/activerecord-5.2.0/lib/active_record/log_subscriber.rb:98
Processing by HomeController#index as HTML
  Rendering home/index.html.erb within layouts/application
  Rendered home/index.html.erb within layouts/application (0.7ms)
Completed 200 OK in 145ms (Views: 138.8ms | ActiveRecord: 0.0ms)


Started GET "/home/data?timeshift=-180" for 127.0.0.1 at 2018-08-07 01:55:36 +0300
Processing by HomeController#data as */*
  Parameters: {"timeshift"=>"-180"}
  [1m[36mEvent Load (0.2ms)[0m  [1m[34mSELECT "events".* FROM "events"[0m
  ↳ app/controllers/home_controller.rb:8
Completed 200 OK in 11ms (Views: 0.4ms | ActiveRecord: 0.9ms)


Started GET "/home/db_action?editing=true&start_date=2018-08-08%2003%3A35&end_date=2018-08-08%2005%3A20&text=asd&id=1533596139241&!nativeeditor_status=inserted" for 127.0.0.1 at 2018-08-07 01:55:41 +0300
Processing by HomeController#db_action as */*
  Parameters: {"editing"=>"true", "start_date"=>"2018-08-08 03:35", "end_date"=>"2018-08-08 05:20", "text"=>"asd", "id"=>"1533596139241", "!nativeeditor_status"=>"inserted"}
  [1m[35m (0.1ms)[0m  [1m[36mbegin transaction[0m
  ↳ app/controllers/home_controller.rb:25
  [1m[36mEvent Create (0.2ms)[0m  [1m[32mINSERT INTO "events" ("start_date", "end_date", "text", "created_at", "updated_at") VALUES (?, ?, ?, ?, ?)[0m  [["start_date", "2018-08-08 03:35:00"], ["end_date", "2018-08-08 05:20:00"], ["text", "asd"], ["created_at", "2018-08-06 22:55:41.392053"], ["updated_at", "2018-08-06 22:55:41.392053"]]
  ↳ app/controllers/home_controller.rb:25
  [1m[35m (69.6ms)[0m  [1m[36mcommit transaction[0m
  ↳ app/controllers/home_controller.rb:25
Completed 200 OK in 76ms (Views: 0.2ms | ActiveRecord: 69.9ms)


Started GET "/" for 127.0.0.1 at 2018-08-07 01:55:43 +0300
Processing by HomeController#index as HTML
  Rendering home/index.html.erb within layouts/application
  Rendered home/index.html.erb within layouts/application (0.5ms)
Completed 200 OK in 40ms (Views: 39.0ms | ActiveRecord: 0.0ms)


Started GET "/home/data?timeshift=-180" for 127.0.0.1 at 2018-08-07 01:55:43 +0300
Processing by HomeController#data as */*
  Parameters: {"timeshift"=>"-180"}
  [1m[36mEvent Load (0.3ms)[0m  [1m[34mSELECT "events".* FROM "events"[0m
  ↳ app/controllers/home_controller.rb:8
Completed 200 OK in 3ms (Views: 0.5ms | ActiveRecord: 0.3ms)


